[debug] [2021-01-13T17:29:38.235Z] ----------------------------------------------------------------------
[debug] [2021-01-13T17:29:38.244Z] Command:       C:\Program Files\nodejs\node.exe C:\Program Files\nodejs\node_modules\firebase-tools\lib\bin\firebase.js emulators:start --only functions
[debug] [2021-01-13T17:29:38.245Z] CLI Version:   9.2.0
[debug] [2021-01-13T17:29:38.246Z] Platform:      win32
[debug] [2021-01-13T17:29:38.246Z] Node Version:  v12.0.0
[debug] [2021-01-13T17:29:38.251Z] Time:          Wed Jan 13 2021 18:29:38 GMT+0100 (GMT+01:00)
[debug] [2021-01-13T17:29:38.251Z] ----------------------------------------------------------------------
[debug] [2021-01-13T17:29:38.251Z] 
[debug] [2021-01-13T17:29:38.286Z] > command requires scopes: ["email","openid","https://www.googleapis.com/auth/cloudplatformprojects.readonly","https://www.googleapis.com/auth/firebase","https://www.googleapis.com/auth/cloud-platform"]
[debug] [2021-01-13T17:29:38.288Z] > authorizing via signed-in user
[info] i  emulators: Starting emulators: functions {"metadata":{"emulator":{"name":"hub"},"message":"Starting emulators: functions"}}
[debug] [2021-01-13T17:29:39.363Z] [hub] writing locator at C:\Users\Arch\AppData\Local\Temp\hub-spotify-api-test-a406b.json
[warn] !  functions: The following emulators are not running, calls to these services from the Functions emulator will affect production: auth, firestore, database, hosting, pubsub {"metadata":{"emulator":{"name":"functions"},"message":"The following emulators are not running, calls to these services from the Functions emulator will affect production: \u001b[1mauth, firestore, database, hosting, pubsub\u001b[22m"}}
[info] +  functions: Using node@12 from host. {"metadata":{"emulator":{"name":"functions"},"message":"Using node@12 from host."}}
[debug] [2021-01-13T17:29:40.506Z] defaultcredentials: writing to file C:\Users\Arch\AppData\Roaming\firebase\kristina_savova13_gmail.com_application_default_credentials.json
[debug] [2021-01-13T17:29:40.515Z] Setting GAC to C:\Users\Arch\AppData\Roaming\firebase\kristina_savova13_gmail.com_application_default_credentials.json {"metadata":{"emulator":{"name":"functions"},"message":"Setting GAC to C:\\Users\\Arch\\AppData\\Roaming\\firebase\\kristina_savova13_gmail.com_application_default_credentials.json"}}
[debug] [2021-01-13T17:29:40.525Z] >>> [apiv2][query] GET https://firebase.googleapis.com/v1beta1/projects/spotify-api-test-a406b/adminSdkConfig [none]
[debug] [2021-01-13T17:29:40.838Z] <<< [apiv2][status] GET https://firebase.googleapis.com/v1beta1/projects/spotify-api-test-a406b/adminSdkConfig 200
[debug] [2021-01-13T17:29:40.839Z] <<< [apiv2][body] GET https://firebase.googleapis.com/v1beta1/projects/spotify-api-test-a406b/adminSdkConfig {"projectId":"spotify-api-test-a406b","storageBucket":"spotify-api-test-a406b.appspot.com","locationId":"europe-west"}
[debug] [2021-01-13T17:29:42.942Z] Ignoring unsupported arg: auto_download {"metadata":{"emulator":{"name":"ui"},"message":"Ignoring unsupported arg: auto_download"}}
[debug] [2021-01-13T17:29:42.943Z] Ignoring unsupported arg: port {"metadata":{"emulator":{"name":"ui"},"message":"Ignoring unsupported arg: port"}}
[debug] [2021-01-13T17:29:42.943Z] Starting Emulator UI with command {"binary":"node","args":["C:\\Users\\Arch\\.cache\\firebase\\emulators\\ui-v1.4.1\\server.bundle.js"],"optionalArgs":[],"joinArgs":false} {"metadata":{"emulator":{"name":"ui"},"message":"Starting Emulator UI with command {\"binary\":\"node\",\"args\":[\"C:\\\\Users\\\\Arch\\\\.cache\\\\firebase\\\\emulators\\\\ui-v1.4.1\\\\server.bundle.js\"],\"optionalArgs\":[],\"joinArgs\":false}"}}
[info] i  ui: Emulator UI logging to ui-debug.log {"metadata":{"emulator":{"name":"ui"},"message":"Emulator UI logging to \u001b[1mui-debug.log\u001b[22m"}}
[debug] [2021-01-13T17:29:43.477Z] Web / API server started at http://localhost:4000
 {"metadata":{"emulator":{"name":"ui"},"message":"Web / API server started at http://localhost:4000\n"}}
[info] i  functions: Watching "D:\Coding\node\spotify_api_test\functions" for Cloud Functions... {"metadata":{"emulator":{"name":"functions"},"message":"Watching \"D:\\Coding\\node\\spotify_api_test\\functions\" for Cloud Functions..."}}
[debug] [2021-01-13T17:29:43.561Z] [worker-pool] addWorker(~diagnostic~) {"metadata":{"emulator":{"name":"functions"},"message":"[worker-pool] addWorker(~diagnostic~)"}}
[debug] [2021-01-13T17:29:43.561Z] [worker-pool] Adding worker with key ~diagnostic~, total=1 {"metadata":{"emulator":{"name":"functions"},"message":"[worker-pool] Adding worker with key ~diagnostic~, total=1"}}
[debug] [2021-01-13T17:29:43.562Z] [worker-pool] submitWork(triggerId=) {"metadata":{"emulator":{"name":"functions"},"message":"[worker-pool] submitWork(triggerId=)"}}
[debug] [2021-01-13T17:29:43.564Z] [worker-~diagnostic~-44ef6fef-ee10-4bbf-9754-d75215601073]: Assigning socketPath: \\?\pipe\D:\Coding\node\spotify_api_test\functions\17088 {"metadata":{"emulator":{"name":"functions"},"message":"[worker-~diagnostic~-44ef6fef-ee10-4bbf-9754-d75215601073]: Assigning socketPath: \\\\?\\pipe\\D:\\Coding\\node\\spotify_api_test\\functions\\17088"}}
[debug] [2021-01-13T17:29:43.565Z] [worker-~diagnostic~-44ef6fef-ee10-4bbf-9754-d75215601073]: BUSY {"metadata":{"emulator":{"name":"functions"},"message":"[worker-~diagnostic~-44ef6fef-ee10-4bbf-9754-d75215601073]: BUSY"}}
[debug] [2021-01-13T17:29:44.336Z] [runtime-status] [17088] Functions runtime initialized. {"cwd":"D:\\Coding\\node\\spotify_api_test\\functions","node_version":"12.0.0"} {"metadata":{"emulator":{"name":"functions"},"message":"[runtime-status] [17088] Functions runtime initialized. {\"cwd\":\"D:\\\\Coding\\\\node\\\\spotify_api_test\\\\functions\",\"node_version\":\"12.0.0\"}"}}
[debug] [2021-01-13T17:29:44.339Z] [runtime-status] [17088] Disabled runtime features: undefined {"metadata":{"emulator":{"name":"functions"},"message":"[runtime-status] [17088] Disabled runtime features: undefined"}}
[debug] [2021-01-13T17:29:44.351Z] [runtime-status] [17088] Resolved module firebase-admin {"declared":true,"installed":true,"version":"9.4.2","resolution":"D:\\Coding\\node\\spotify_api_test\\functions\\node_modules\\firebase-admin\\lib\\index.js"} {"metadata":{"emulator":{"name":"functions"},"message":"[runtime-status] [17088] Resolved module firebase-admin {\"declared\":true,\"installed\":true,\"version\":\"9.4.2\",\"resolution\":\"D:\\\\Coding\\\\node\\\\spotify_api_test\\\\functions\\\\node_modules\\\\firebase-admin\\\\lib\\\\index.js\"}"}}
[debug] [2021-01-13T17:29:44.356Z] [runtime-status] [17088] Resolved module firebase-functions {"declared":true,"installed":true,"version":"3.13.0","resolution":"D:\\Coding\\node\\spotify_api_test\\functions\\node_modules\\firebase-functions\\lib\\index.js"} {"metadata":{"emulator":{"name":"functions"},"message":"[runtime-status] [17088] Resolved module firebase-functions {\"declared\":true,\"installed\":true,\"version\":\"3.13.0\",\"resolution\":\"D:\\\\Coding\\\\node\\\\spotify_api_test\\\\functions\\\\node_modules\\\\firebase-functions\\\\lib\\\\index.js\"}"}}
[debug] [2021-01-13T17:29:44.359Z] [runtime-status] [17088] Resolved module firebase-functions {"declared":true,"installed":true,"version":"3.13.0","resolution":"D:\\Coding\\node\\spotify_api_test\\functions\\node_modules\\firebase-functions\\lib\\index.js"} {"metadata":{"emulator":{"name":"functions"},"message":"[runtime-status] [17088] Resolved module firebase-functions {\"declared\":true,\"installed\":true,\"version\":\"3.13.0\",\"resolution\":\"D:\\\\Coding\\\\node\\\\spotify_api_test\\\\functions\\\\node_modules\\\\firebase-functions\\\\lib\\\\index.js\"}"}}
[debug] [2021-01-13T17:29:44.365Z] [runtime-status] [17088] Outgoing network have been stubbed. [{"name":"http","status":"mocked"},{"name":"http","status":"mocked"},{"name":"https","status":"mocked"},{"name":"https","status":"mocked"},{"name":"net","status":"mocked"}] {"metadata":{"emulator":{"name":"functions"},"message":"[runtime-status] [17088] Outgoing network have been stubbed. [{\"name\":\"http\",\"status\":\"mocked\"},{\"name\":\"http\",\"status\":\"mocked\"},{\"name\":\"https\",\"status\":\"mocked\"},{\"name\":\"https\",\"status\":\"mocked\"},{\"name\":\"net\",\"status\":\"mocked\"}]"}}
[debug] [2021-01-13T17:29:44.367Z] [runtime-status] [17088] Resolved module firebase-functions {"declared":true,"installed":true,"version":"3.13.0","resolution":"D:\\Coding\\node\\spotify_api_test\\functions\\node_modules\\firebase-functions\\lib\\index.js"} {"metadata":{"emulator":{"name":"functions"},"message":"[runtime-status] [17088] Resolved module firebase-functions {\"declared\":true,\"installed\":true,\"version\":\"3.13.0\",\"resolution\":\"D:\\\\Coding\\\\node\\\\spotify_api_test\\\\functions\\\\node_modules\\\\firebase-functions\\\\lib\\\\index.js\"}"}}
[debug] [2021-01-13T17:29:44.543Z] [runtime-status] [17088] Checked functions.config() {"config":{}} {"metadata":{"emulator":{"name":"functions"},"message":"[runtime-status] [17088] Checked functions.config() {\"config\":{}}"}}
[debug] [2021-01-13T17:29:44.544Z] [runtime-status] [17088] firebase-functions has been stubbed. {"functionsResolution":{"declared":true,"installed":true,"version":"3.13.0","resolution":"D:\\Coding\\node\\spotify_api_test\\functions\\node_modules\\firebase-functions\\lib\\index.js"}} {"metadata":{"emulator":{"name":"functions"},"message":"[runtime-status] [17088] firebase-functions has been stubbed. {\"functionsResolution\":{\"declared\":true,\"installed\":true,\"version\":\"3.13.0\",\"resolution\":\"D:\\\\Coding\\\\node\\\\spotify_api_test\\\\functions\\\\node_modules\\\\firebase-functions\\\\lib\\\\index.js\"}}"}}
[debug] [2021-01-13T17:29:44.545Z] [runtime-status] [17088] Resolved module firebase-functions {"declared":true,"installed":true,"version":"3.13.0","resolution":"D:\\Coding\\node\\spotify_api_test\\functions\\node_modules\\firebase-functions\\lib\\index.js"} {"metadata":{"emulator":{"name":"functions"},"message":"[runtime-status] [17088] Resolved module firebase-functions {\"declared\":true,\"installed\":true,\"version\":\"3.13.0\",\"resolution\":\"D:\\\\Coding\\\\node\\\\spotify_api_test\\\\functions\\\\node_modules\\\\firebase-functions\\\\lib\\\\index.js\"}"}}
[debug] [2021-01-13T17:29:44.549Z] [runtime-status] [17088] Resolved module firebase-admin {"declared":true,"installed":true,"version":"9.4.2","resolution":"D:\\Coding\\node\\spotify_api_test\\functions\\node_modules\\firebase-admin\\lib\\index.js"} {"metadata":{"emulator":{"name":"functions"},"message":"[runtime-status] [17088] Resolved module firebase-admin {\"declared\":true,\"installed\":true,\"version\":\"9.4.2\",\"resolution\":\"D:\\\\Coding\\\\node\\\\spotify_api_test\\\\functions\\\\node_modules\\\\firebase-admin\\\\lib\\\\index.js\"}"}}
[debug] [2021-01-13T17:29:44.551Z] [runtime-status] [17088] Resolved module firebase-functions {"declared":true,"installed":true,"version":"3.13.0","resolution":"D:\\Coding\\node\\spotify_api_test\\functions\\node_modules\\firebase-functions\\lib\\index.js"} {"metadata":{"emulator":{"name":"functions"},"message":"[runtime-status] [17088] Resolved module firebase-functions {\"declared\":true,\"installed\":true,\"version\":\"3.13.0\",\"resolution\":\"D:\\\\Coding\\\\node\\\\spotify_api_test\\\\functions\\\\node_modules\\\\firebase-functions\\\\lib\\\\index.js\"}"}}
[debug] [2021-01-13T17:29:44.552Z] [runtime-status] [17088] firebase-admin has been stubbed. {"adminResolution":{"declared":true,"installed":true,"version":"9.4.2","resolution":"D:\\Coding\\node\\spotify_api_test\\functions\\node_modules\\firebase-admin\\lib\\index.js"}} {"metadata":{"emulator":{"name":"functions"},"message":"[runtime-status] [17088] firebase-admin has been stubbed. {\"adminResolution\":{\"declared\":true,\"installed\":true,\"version\":\"9.4.2\",\"resolution\":\"D:\\\\Coding\\\\node\\\\spotify_api_test\\\\functions\\\\node_modules\\\\firebase-admin\\\\lib\\\\index.js\"}}"}}
[info] +  functions[helloWorld]: http function initialized (http://localhost:5001/spotify-api-test-a406b/us-central1/helloWorld). {"metadata":{"emulator":{"name":"functions"},"message":"\u001b[1mhttp\u001b[22m function initialized (http://localhost:5001/spotify-api-test-a406b/us-central1/helloWorld)."}}
[info] 
┌─────────────────────────────────────────────────────────────┐
│ ✔  All emulators ready! It is now safe to connect your app. │
│ i  View Emulator UI at http://localhost:4000                │
└─────────────────────────────────────────────────────────────┘

┌───────────┬────────────────┬─────────────────────────────────┐
│ Emulator  │ Host:Port      │ View in Emulator UI             │
├───────────┼────────────────┼─────────────────────────────────┤
│ Functions │ localhost:5001 │ http://localhost:4000/functions │
└───────────┴────────────────┴─────────────────────────────────┘
  Emulator Hub running at localhost:4400
  Other reserved ports: 4500

Issues? Report them at https://github.com/firebase/firebase-tools/issues and attach the *-debug.log files.
 
[debug] [2021-01-13T17:29:44.614Z] [worker-~diagnostic~-44ef6fef-ee10-4bbf-9754-d75215601073]: IDLE {"metadata":{"emulator":{"name":"functions"},"message":"[worker-~diagnostic~-44ef6fef-ee10-4bbf-9754-d75215601073]: IDLE"}}
[debug] [2021-01-13T17:29:54.423Z] [work-queue] {"queueLength":1,"workRunningCount":0}
[debug] [2021-01-13T17:29:54.424Z] [work-queue] {"queueLength":0,"workRunningCount":1}
[debug] [2021-01-13T17:29:54.426Z] Accepted request GET /spotify-api-test-a406b/us-central1/helloWorld?name=1 --> helloWorld
[debug] [2021-01-13T17:29:54.465Z] [worker-pool] addWorker(helloWorld) {"metadata":{"emulator":{"name":"functions"},"message":"[worker-pool] addWorker(helloWorld)"}}
[debug] [2021-01-13T17:29:54.466Z] [worker-pool] Adding worker with key helloWorld, total=1 {"metadata":{"emulator":{"name":"functions"},"message":"[worker-pool] Adding worker with key helloWorld, total=1"}}
[debug] [2021-01-13T17:29:54.466Z] [worker-pool] submitWork(triggerId=helloWorld) {"metadata":{"emulator":{"name":"functions"},"message":"[worker-pool] submitWork(triggerId=helloWorld)"}}
[debug] [2021-01-13T17:29:54.467Z] [worker-helloWorld-9732bfb2-ea42-4cd2-9342-069125b1b0c2]: Assigning socketPath: \\?\pipe\D:\Coding\node\spotify_api_test\functions\11796 {"metadata":{"emulator":{"name":"functions"},"message":"[worker-helloWorld-9732bfb2-ea42-4cd2-9342-069125b1b0c2]: Assigning socketPath: \\\\?\\pipe\\D:\\Coding\\node\\spotify_api_test\\functions\\11796"}}
[debug] [2021-01-13T17:29:54.467Z] [worker-helloWorld-9732bfb2-ea42-4cd2-9342-069125b1b0c2]: BUSY {"metadata":{"emulator":{"name":"functions"},"message":"[worker-helloWorld-9732bfb2-ea42-4cd2-9342-069125b1b0c2]: BUSY"}}
[debug] [2021-01-13T17:29:55.288Z] [runtime-status] [11796] Functions runtime initialized. {"cwd":"D:\\Coding\\node\\spotify_api_test\\functions","node_version":"12.0.0"} {"metadata":{"emulator":{"name":"functions"},"function":{"name":"helloWorld"},"message":"[runtime-status] [11796] Functions runtime initialized. {\"cwd\":\"D:\\\\Coding\\\\node\\\\spotify_api_test\\\\functions\",\"node_version\":\"12.0.0\"}"}}
[debug] [2021-01-13T17:29:55.293Z] [runtime-status] [11796] Disabled runtime features: undefined {"metadata":{"emulator":{"name":"functions"},"function":{"name":"helloWorld"},"message":"[runtime-status] [11796] Disabled runtime features: undefined"}}
[debug] [2021-01-13T17:29:55.306Z] [runtime-status] [11796] Resolved module firebase-admin {"declared":true,"installed":true,"version":"9.4.2","resolution":"D:\\Coding\\node\\spotify_api_test\\functions\\node_modules\\firebase-admin\\lib\\index.js"} {"metadata":{"emulator":{"name":"functions"},"function":{"name":"helloWorld"},"message":"[runtime-status] [11796] Resolved module firebase-admin {\"declared\":true,\"installed\":true,\"version\":\"9.4.2\",\"resolution\":\"D:\\\\Coding\\\\node\\\\spotify_api_test\\\\functions\\\\node_modules\\\\firebase-admin\\\\lib\\\\index.js\"}"}}
[debug] [2021-01-13T17:29:55.312Z] [runtime-status] [11796] Resolved module firebase-functions {"declared":true,"installed":true,"version":"3.13.0","resolution":"D:\\Coding\\node\\spotify_api_test\\functions\\node_modules\\firebase-functions\\lib\\index.js"} {"metadata":{"emulator":{"name":"functions"},"function":{"name":"helloWorld"},"message":"[runtime-status] [11796] Resolved module firebase-functions {\"declared\":true,\"installed\":true,\"version\":\"3.13.0\",\"resolution\":\"D:\\\\Coding\\\\node\\\\spotify_api_test\\\\functions\\\\node_modules\\\\firebase-functions\\\\lib\\\\index.js\"}"}}
[debug] [2021-01-13T17:29:55.315Z] [runtime-status] [11796] Resolved module firebase-functions {"declared":true,"installed":true,"version":"3.13.0","resolution":"D:\\Coding\\node\\spotify_api_test\\functions\\node_modules\\firebase-functions\\lib\\index.js"} {"metadata":{"emulator":{"name":"functions"},"function":{"name":"helloWorld"},"message":"[runtime-status] [11796] Resolved module firebase-functions {\"declared\":true,\"installed\":true,\"version\":\"3.13.0\",\"resolution\":\"D:\\\\Coding\\\\node\\\\spotify_api_test\\\\functions\\\\node_modules\\\\firebase-functions\\\\lib\\\\index.js\"}"}}
[debug] [2021-01-13T17:29:55.322Z] [runtime-status] [11796] Outgoing network have been stubbed. [{"name":"http","status":"mocked"},{"name":"http","status":"mocked"},{"name":"https","status":"mocked"},{"name":"https","status":"mocked"},{"name":"net","status":"mocked"}] {"metadata":{"emulator":{"name":"functions"},"function":{"name":"helloWorld"},"message":"[runtime-status] [11796] Outgoing network have been stubbed. [{\"name\":\"http\",\"status\":\"mocked\"},{\"name\":\"http\",\"status\":\"mocked\"},{\"name\":\"https\",\"status\":\"mocked\"},{\"name\":\"https\",\"status\":\"mocked\"},{\"name\":\"net\",\"status\":\"mocked\"}]"}}
[debug] [2021-01-13T17:29:55.324Z] [runtime-status] [11796] Resolved module firebase-functions {"declared":true,"installed":true,"version":"3.13.0","resolution":"D:\\Coding\\node\\spotify_api_test\\functions\\node_modules\\firebase-functions\\lib\\index.js"} {"metadata":{"emulator":{"name":"functions"},"function":{"name":"helloWorld"},"message":"[runtime-status] [11796] Resolved module firebase-functions {\"declared\":true,\"installed\":true,\"version\":\"3.13.0\",\"resolution\":\"D:\\\\Coding\\\\node\\\\spotify_api_test\\\\functions\\\\node_modules\\\\firebase-functions\\\\lib\\\\index.js\"}"}}
[debug] [2021-01-13T17:29:55.500Z] [runtime-status] [11796] Checked functions.config() {"config":{}} {"metadata":{"emulator":{"name":"functions"},"function":{"name":"helloWorld"},"message":"[runtime-status] [11796] Checked functions.config() {\"config\":{}}"}}
[debug] [2021-01-13T17:29:55.501Z] [runtime-status] [11796] firebase-functions has been stubbed. {"functionsResolution":{"declared":true,"installed":true,"version":"3.13.0","resolution":"D:\\Coding\\node\\spotify_api_test\\functions\\node_modules\\firebase-functions\\lib\\index.js"}} {"metadata":{"emulator":{"name":"functions"},"function":{"name":"helloWorld"},"message":"[runtime-status] [11796] firebase-functions has been stubbed. {\"functionsResolution\":{\"declared\":true,\"installed\":true,\"version\":\"3.13.0\",\"resolution\":\"D:\\\\Coding\\\\node\\\\spotify_api_test\\\\functions\\\\node_modules\\\\firebase-functions\\\\lib\\\\index.js\"}}"}}
[debug] [2021-01-13T17:29:55.504Z] [runtime-status] [11796] Resolved module firebase-functions {"declared":true,"installed":true,"version":"3.13.0","resolution":"D:\\Coding\\node\\spotify_api_test\\functions\\node_modules\\firebase-functions\\lib\\index.js"} {"metadata":{"emulator":{"name":"functions"},"function":{"name":"helloWorld"},"message":"[runtime-status] [11796] Resolved module firebase-functions {\"declared\":true,\"installed\":true,\"version\":\"3.13.0\",\"resolution\":\"D:\\\\Coding\\\\node\\\\spotify_api_test\\\\functions\\\\node_modules\\\\firebase-functions\\\\lib\\\\index.js\"}"}}
[debug] [2021-01-13T17:29:55.510Z] [runtime-status] [11796] Resolved module firebase-admin {"declared":true,"installed":true,"version":"9.4.2","resolution":"D:\\Coding\\node\\spotify_api_test\\functions\\node_modules\\firebase-admin\\lib\\index.js"} {"metadata":{"emulator":{"name":"functions"},"function":{"name":"helloWorld"},"message":"[runtime-status] [11796] Resolved module firebase-admin {\"declared\":true,\"installed\":true,\"version\":\"9.4.2\",\"resolution\":\"D:\\\\Coding\\\\node\\\\spotify_api_test\\\\functions\\\\node_modules\\\\firebase-admin\\\\lib\\\\index.js\"}"}}
[debug] [2021-01-13T17:29:55.512Z] [runtime-status] [11796] Resolved module firebase-functions {"declared":true,"installed":true,"version":"3.13.0","resolution":"D:\\Coding\\node\\spotify_api_test\\functions\\node_modules\\firebase-functions\\lib\\index.js"} {"metadata":{"emulator":{"name":"functions"},"function":{"name":"helloWorld"},"message":"[runtime-status] [11796] Resolved module firebase-functions {\"declared\":true,\"installed\":true,\"version\":\"3.13.0\",\"resolution\":\"D:\\\\Coding\\\\node\\\\spotify_api_test\\\\functions\\\\node_modules\\\\firebase-functions\\\\lib\\\\index.js\"}"}}
[debug] [2021-01-13T17:29:55.513Z] [runtime-status] [11796] firebase-admin has been stubbed. {"adminResolution":{"declared":true,"installed":true,"version":"9.4.2","resolution":"D:\\Coding\\node\\spotify_api_test\\functions\\node_modules\\firebase-admin\\lib\\index.js"}} {"metadata":{"emulator":{"name":"functions"},"function":{"name":"helloWorld"},"message":"[runtime-status] [11796] firebase-admin has been stubbed. {\"adminResolution\":{\"declared\":true,\"installed\":true,\"version\":\"9.4.2\",\"resolution\":\"D:\\\\Coding\\\\node\\\\spotify_api_test\\\\functions\\\\node_modules\\\\firebase-admin\\\\lib\\\\index.js\"}}"}}
[debug] [2021-01-13T17:29:55.523Z] [runtime-status] [11796] Trigger "helloWorld" has been found, beginning invocation! {"metadata":{"emulator":{"name":"functions"},"function":{"name":"helloWorld"},"message":"[runtime-status] [11796] Trigger \"helloWorld\" has been found, beginning invocation!"}}
[info] i  functions: Beginning execution of "helloWorld" {"metadata":{"emulator":{"name":"functions"},"function":{"name":"helloWorld"},"message":"Beginning execution of \"helloWorld\""}}
[debug] [2021-01-13T17:29:55.528Z] [runtime-status] [11796] triggerDefinition {"httpsTrigger":{},"name":"helloWorld","entryPoint":"helloWorld"} {"metadata":{"emulator":{"name":"functions"},"function":{"name":"helloWorld"},"message":"[runtime-status] [11796] triggerDefinition {\"httpsTrigger\":{},\"name\":\"helloWorld\",\"entryPoint\":\"helloWorld\"}"}}
[debug] [2021-01-13T17:29:55.528Z] [runtime-status] [11796] Running helloWorld in mode HTTPS {"metadata":{"emulator":{"name":"functions"},"function":{"name":"helloWorld"},"message":"[runtime-status] [11796] Running helloWorld in mode HTTPS"}}
[debug] [2021-01-13T17:29:55.543Z] [runtime-status] [11796] Attempting to listen to socketPath: \\?\pipe\D:\Coding\node\spotify_api_test\functions\11796 {"metadata":{"emulator":{"name":"functions"},"function":{"name":"helloWorld"},"message":"[runtime-status] [11796] Attempting to listen to socketPath: \\\\?\\pipe\\D:\\Coding\\node\\spotify_api_test\\functions\\11796"}}
[debug] [2021-01-13T17:29:55.557Z] [functions] Runtime ready! Sending request! {"metadata":{"emulator":{"name":"functions"},"message":"[functions] Runtime ready! Sending request!"}}
[debug] [2021-01-13T17:29:55.561Z] [functions] Got req.url=/spotify-api-test-a406b/us-central1/helloWorld?name=1, mapping to path=?name=1 {"metadata":{"emulator":{"name":"functions"},"message":"[functions] Got req.url=/spotify-api-test-a406b/us-central1/helloWorld?name=1, mapping to path=?name=1"}}
[warn] !  functions: Your function timed out after ~60s. To configure this timeout, see
      https://firebase.google.com/docs/functions/manage-functions#set_timeout_and_memory_allocation. {"metadata":{"emulator":{"name":"functions"},"function":{"name":"helloWorld"},"message":"Your function timed out after ~60s. To configure this timeout, see\n      https://firebase.google.com/docs/functions/manage-functions#set_timeout_and_memory_allocation."}}
[info] >  C:\Users\Arch\AppData\Roaming\nvm\v12.0.0\node_modules\firebase-tools\lib\emulator\functionsEmulatorRuntime.js:640 {"user":"C:\\Users\\Arch\\AppData\\Roaming\\nvm\\v12.0.0\\node_modules\\firebase-tools\\lib\\emulator\\functionsEmulatorRuntime.js:640\r","metadata":{"emulator":{"name":"functions"},"function":{"name":"helloWorld"},"message":"\u001b[90m> \u001b[39m C:\\Users\\Arch\\AppData\\Roaming\\nvm\\v12.0.0\\node_modules\\firebase-tools\\lib\\emulator\\functionsEmulatorRuntime.js:640\r"}}
[info] >              throw new Error("Function timed out."); {"user":"            throw new Error(\"Function timed out.\");\r","metadata":{"emulator":{"name":"functions"},"function":{"name":"helloWorld"},"message":"\u001b[90m> \u001b[39m             throw new Error(\"Function timed out.\");\r"}}
[info] >              ^ {"user":"            ^\r","metadata":{"emulator":{"name":"functions"},"function":{"name":"helloWorld"},"message":"\u001b[90m> \u001b[39m             ^\r"}}
[info] >   {"user":"\r","metadata":{"emulator":{"name":"functions"},"function":{"name":"helloWorld"},"message":"\u001b[90m> \u001b[39m \r"}}
[info] >  Error: Function timed out. {"user":"Error: Function timed out.\r","metadata":{"emulator":{"name":"functions"},"function":{"name":"helloWorld"},"message":"\u001b[90m> \u001b[39m Error: Function timed out.\r"}}
[info] >      at Timeout._onTimeout (C:\Users\Arch\AppData\Roaming\nvm\v12.0.0\node_modules\firebase-tools\lib\emulator\functionsEmulatorRuntime.js:640:19) {"user":"    at Timeout._onTimeout (C:\\Users\\Arch\\AppData\\Roaming\\nvm\\v12.0.0\\node_modules\\firebase-tools\\lib\\emulator\\functionsEmulatorRuntime.js:640:19)\r","metadata":{"emulator":{"name":"functions"},"function":{"name":"helloWorld"},"message":"\u001b[90m> \u001b[39m     at Timeout._onTimeout (C:\\Users\\Arch\\AppData\\Roaming\\nvm\\v12.0.0\\node_modules\\firebase-tools\\lib\\emulator\\functionsEmulatorRuntime.js:640:19)\r"}}
[info] >      at listOnTimeout (internal/timers.js:531:17) {"user":"    at listOnTimeout (internal/timers.js:531:17)\r","metadata":{"emulator":{"name":"functions"},"function":{"name":"helloWorld"},"message":"\u001b[90m> \u001b[39m     at listOnTimeout (internal/timers.js:531:17)\r"}}
[info] >      at processTimers (internal/timers.js:475:7) {"user":"    at processTimers (internal/timers.js:475:7)\r","metadata":{"emulator":{"name":"functions"},"function":{"name":"helloWorld"},"message":"\u001b[90m> \u001b[39m     at processTimers (internal/timers.js:475:7)\r"}}
[debug] [2021-01-13T17:30:55.581Z] [worker-helloWorld-9732bfb2-ea42-4cd2-9342-069125b1b0c2]: exited {"metadata":{"emulator":{"name":"functions"},"message":"[worker-helloWorld-9732bfb2-ea42-4cd2-9342-069125b1b0c2]: exited"}}
[debug] [2021-01-13T17:30:55.582Z] [worker-helloWorld-9732bfb2-ea42-4cd2-9342-069125b1b0c2]: FINISHED {"metadata":{"emulator":{"name":"functions"},"message":"[worker-helloWorld-9732bfb2-ea42-4cd2-9342-069125b1b0c2]: FINISHED"}}
[debug] [2021-01-13T17:30:55.583Z] [work-queue] {"queueLength":0,"workRunningCount":0}
